<?xml version="1.0" encoding="UTF-8"?>
<!-- Generated by org.testng.reporters.JUnitReportReporter -->
<testsuite ignored="0" hostname="DESKTOP-OI1TN93" failures="0" tests="3" name="com.testing.features.DataProviderTest" time="0.009" errors="0" timestamp="03 Jan 2022 06:52:19 GMT" skipped="0">
  <testcase classname="com.testing.features.DataProviderTest" name="credentials" time="0.001"/>
  <testcase classname="com.testing.features.DataProviderTest" name="credentials" time="0.008"/>
  <testcase classname="com.testing.features.DataProviderTest" name="credentials" time="0.000"/>
</testsuite> <!-- com.testing.features.DataProviderTest -->
