<?xml version="1.0" encoding="UTF-8"?>
<!-- Generated by org.testng.reporters.JUnitReportReporter -->
<testsuite ignored="0" hostname="DESKTOP-OI1TN93" failures="0" tests="1" name="com.testing.features.ParameterisedTest" time="0.009" errors="0" timestamp="30 Dec 2021 07:57:51 GMT" skipped="0">
  <testcase classname="com.testing.features.ParameterisedTest" name="credentials" time="0.009"/>
</testsuite> <!-- com.testing.features.ParameterisedTest -->
