<?xml version="1.0" encoding="UTF-8"?>
<!-- Generated by org.testng.reporters.JUnitReportReporter -->
<testsuite ignored="0" hostname="DESKTOP-OI1TN93" failures="0" tests="5" name="com.testing.features.Grouping" time="0.014" errors="0" timestamp="30 Dec 2021 07:43:33 GMT" skipped="0">
  <testcase classname="com.testing.features.Grouping" name="Whatsapp" time="0.009"/>
  <testcase classname="com.testing.features.Grouping" name="amazon" time="0.002"/>
  <testcase classname="com.testing.features.Grouping" name="myntra" time="0.001"/>
  <testcase classname="com.testing.features.Grouping" name="instagram" time="0.001"/>
  <testcase classname="com.testing.features.Grouping" name="flipkart" time="0.001"/>
</testsuite> <!-- com.testing.features.Grouping -->
