<?xml version="1.0" encoding="UTF-8"?>
<!-- Generated by org.testng.reporters.JUnitReportReporter -->
<testsuite ignored="0" hostname="DESKTOP-OI1TN93" failures="0" tests="4" name="com.testing.features.Priority" time="0.013" errors="0" timestamp="28 Dec 2021 06:25:25 GMT" skipped="0">
  <testcase classname="com.testing.features.Priority" name="tshirts" time="0.002"/>
  <testcase classname="com.testing.features.Priority" name="women" time="0.008"/>
  <testcase classname="com.testing.features.Priority" name="men" time="0.001"/>
  <testcase classname="com.testing.features.Priority" name="books" time="0.002"/>
</testsuite> <!-- com.testing.features.Priority -->
