<?xml version="1.0" encoding="UTF-8"?>
<!-- Generated by org.testng.reporters.JUnitReportReporter -->
<testsuite ignored="0" hostname="DESKTOP-OI1TN93" failures="0" tests="4" name="com.testing.features.DependencyTest" time="0.016" errors="0" timestamp="03 Jan 2022 07:11:44 GMT" skipped="0">
  <testcase classname="com.testing.features.DependencyTest" name="urll" time="0.001"/>
  <testcase classname="com.testing.features.DependencyTest" name="browserlaunch" time="0.008"/>
  <testcase classname="com.testing.features.DependencyTest" name="homepage" time="0.004"/>
  <testcase classname="com.testing.features.DependencyTest" name="LoginPage" time="0.003"/>
</testsuite> <!-- com.testing.features.DependencyTest -->
