<?xml version="1.0" encoding="UTF-8"?>
<!-- Generated by org.testng.reporters.JUnitReportReporter -->
<testsuite ignored="0" hostname="DESKTOP-OI1TN93" failures="0" tests="2" name="com.testing.features.SimpleAnnotations" time="0.007" errors="0" timestamp="27 Dec 2021 06:54:36 GMT" skipped="0">
  <testcase classname="com.testing.features.SimpleAnnotations" name="dresses" time="0.006"/>
  <testcase classname="com.testing.features.SimpleAnnotations" name="women" time="0.001"/>
</testsuite> <!-- com.testing.features.SimpleAnnotations -->
