<?xml version="1.0" encoding="UTF-8"?>
<!-- Generated by org.testng.reporters.JUnitReportReporter -->
<testsuite ignored="0" hostname="DESKTOP-OI1TN93" failures="0" tests="3" name="com.testing.features.TimesOut" time="0.017" errors="0" timestamp="28 Dec 2021 07:06:45 GMT" skipped="0">
  <testcase classname="com.testing.features.TimesOut" name="urrl" time="0.003"/>
  <testcase classname="com.testing.features.TimesOut" name="login" time="0.002"/>
  <testcase classname="com.testing.features.TimesOut" name="browserlaunch" time="0.012"/>
</testsuite> <!-- com.testing.features.TimesOut -->
